
> training-video-frontend@0.1.0 dev
> next dev

- info Loaded env from /Users/knti/Desktop/training-video-system/frontend/.env.local
- [32mready[39m started server on [::]:3000, url: http://localhost:3000
- [35mevent[39m compiled client and server successfully in 96 ms (20 modules)
- [36mwait[39m compiling...
- [35mevent[39m compiled client and server successfully in 97 ms (20 modules)
- [36minfo[39m Loaded env from /Users/knti/Desktop/training-video-system/frontend/.env.local
- [36minfo[39m Loaded env from /Users/knti/Desktop/training-video-system/frontend/.env.local
- [36mwait[39m compiling /page (client and server)...
- [35mevent[39m compiled client and server successfully in 857 ms (573 modules)
- [36mwait[39m compiling...
- [35mevent[39m compiled successfully in 105 ms (298 modules)
- [36mwait[39m compiling /group-progress/page (client and server)...
- [35mevent[39m compiled client and server successfully in 336 ms (565 modules)
- [36mwait[39m compiling /login/page (client and server)...
- [35mevent[39m compiled client and server successfully in 221 ms (573 modules)
- [36mwait[39m compiling /admin/page (client and server)...
- [35mevent[39m compiled client and server successfully in 208 ms (579 modules)
- [36mwait[39m compiling /admin/users/page (client and server)...
- [35mevent[39m compiled client and server successfully in 238 ms (585 modules)
- [36mwait[39m compiling...
- [35mevent[39m compiled successfully in 182 ms (307 modules)
- [36mwait[39m compiling...
- [35mevent[39m compiled successfully in 159 ms (307 modules)
- [36mwait[39m compiling...
- [35mevent[39m compiled successfully in 134 ms (307 modules)
- [36mwait[39m compiling...
- [35mevent[39m compiled successfully in 139 ms (307 modules)
- [36mwait[39m compiling...
- [35mevent[39m compiled successfully in 152 ms (307 modules)
- [36mwait[39m compiling...
- [35mevent[39m compiled successfully in 125 ms (307 modules)
- [36mwait[39m compiling /admin/groups/page (client and server)...
- [35mevent[39m compiled client and server successfully in 383 ms (597 modules)
- [36mwait[39m compiling /admin/groups/[id]/progress/page (client and server)...
- [35mevent[39m compiled client and server successfully in 180 ms (589 modules)
- [36mwait[39m compiling...
- [35mevent[39m compiled client and server successfully in 287 ms (603 modules)
- [36mwait[39m compiling...
- [35mevent[39m compiled successfully in 106 ms (311 modules)
- [36mwait[39m compiling...
- [35mevent[39m compiled client and server successfully in 84 ms (589 modules)
- [36mwait[39m compiling...
- [35mevent[39m compiled client and server successfully in 282 ms (603 modules)
- [36mwait[39m compiling /admin/progress/page (client and server)...
- [35mevent[39m compiled client and server successfully in 254 ms (609 modules)
- [36mwait[39m compiling /admin/users/manage/page (client and server)...
- [35mevent[39m compiled client and server successfully in 265 ms (597 modules)
- [36mwait[39m compiling /login/page (client and server)...
- [35mevent[39m compiled successfully in 87 ms (296 modules)
- [36mwait[39m compiling...
- [35mevent[39m compiled client and server successfully in 243 ms (607 modules)
- [36mwait[39m compiling /page (client and server)...
- [35mevent[39m compiled successfully in 119 ms (296 modules)
- [36mwait[39m compiling /group-progress/page (client and server)...
- [35mevent[39m compiled successfully in 73 ms (296 modules)
- [36mwait[39m compiling /admin/notifications/page (client and server)...
- [35mevent[39m compiled client and server successfully in 292 ms (617 modules)
- [36mwait[39m compiling /admin/groups/page (client and server)...
- [35mevent[39m compiled successfully in 132 ms (296 modules)
- [36mwait[39m compiling /admin/courses/page (client and server)...
- [35mevent[39m compiled client and server successfully in 256 ms (605 modules)
- [36mwait[39m compiling /admin/courses/[id]/page (client and server)...
- [35mevent[39m compiled client and server successfully in 260 ms (603 modules)
- [36mwait[39m compiling /admin/progress/page (client and server)...
- [35mevent[39m compiled successfully in 171 ms (296 modules)
- [36mwait[39m compiling /admin/reports/page (client and server)...
- [35mevent[39m compiled client and server successfully in 235 ms (609 modules)
- [36mwait[39m compiling /admin/courses/page (client and server)...
- [35mevent[39m compiled successfully in 77 ms (304 modules)
- [36mwait[39m compiling /admin/courses/[id]/page (client and server)...
- [35mevent[39m compiled successfully in 69 ms (300 modules)
- [36mwait[39m compiling /group-progress/page (client and server)...
- [35mevent[39m compiled successfully in 246 ms (304 modules)
- [36mwait[39m compiling /admin/users/bulk-create/page (client and server)...
- [35mevent[39m compiled client and server successfully in 300 ms (615 modules)
- [36mwait[39m compiling...
- [35mevent[39m compiled client and server successfully in 518 ms (617 modules)
- [36mwait[39m compiling /admin/courses/page (client and server)...
- [35mevent[39m compiled client and server successfully in 202 ms (621 modules)
- [36mwait[39m compiling...
- [35mevent[39m compiled client and server successfully in 277 ms (617 modules)
- [36mwait[39m compiling...
- [35mevent[39m compiled client and server successfully in 271 ms (617 modules)
- [36mwait[39m compiling...
- [35mevent[39m compiled client and server successfully in 425 ms (617 modules)
- [36mwait[39m compiling...
- [35mevent[39m compiled client and server successfully in 329 ms (617 modules)
- [36mwait[39m compiling...
- [35mevent[39m compiled client and server successfully in 364 ms (617 modules)
- [36mwait[39m compiling...
- [35mevent[39m compiled client and server successfully in 306 ms (617 modules)
- [36mwait[39m compiling...
- [35mevent[39m compiled client and server successfully in 312 ms (617 modules)
- [36mwait[39m compiling...
- [35mevent[39m compiled client and server successfully in 281 ms (617 modules)
- [36mwait[39m compiling...
- [35mevent[39m compiled client and server successfully in 245 ms (617 modules)
- [36mwait[39m compiling...
- [35mevent[39m compiled client and server successfully in 345 ms (617 modules)
- [36mwait[39m compiling...
- [35mevent[39m compiled client and server successfully in 294 ms (617 modules)
- [36mwait[39m compiling...
- [35mevent[39m compiled client and server successfully in 238 ms (617 modules)
- [36mwait[39m compiling /_error (client and server)...
- [35mevent[39m compiled client and server successfully in 689 ms (755 modules)
